<?xml version="1.0" encoding="UTF-8"?>
<Site BuildName="(empty)"
	BuildStamp="20210712-0811-Experimental"
	Name="(empty)"
	Generator="ctest-3.16.3"
	CompilerName=""
	CompilerVersion=""
	OSName="Linux"
	Hostname="george-vm"
	OSRelease="5.8.0-59-generic"
	OSVersion="#66~20.04.1-Ubuntu SMP Thu Jun 17 11:14:10 UTC 2021"
	OSPlatform="x86_64"
	Is64Bits="1"
	VendorString="GenuineIntel"
	VendorID="Intel Corporation"
	FamilyID="6"
	ModelID="142"
	ProcessorCacheSize="8192"
	NumberOfLogicalCPU="2"
	NumberOfPhysicalCPU="2"
	TotalVirtualMemory="3904"
	TotalPhysicalMemory="1958"
	LogicalProcessorsPerPhysical="1"
	ProcessorClockFrequency="1992"
	>
	<Testing>
		<StartDateTime>Jul 12 16:11 CST</StartDateTime>
		<StartTestTime>1626077506</StartTestTime>
		<TestList/>
		<EndDateTime>Jul 12 16:11 CST</EndDateTime>
		<EndTestTime>1626077506</EndTestTime>
		<ElapsedMinutes>0</ElapsedMinutes>
	</Testing>
</Site>
